Using pre-set license
Built from '2020.3/staging' branch; Version is '2020.3.8f1 (507919d4fff5) revision 5273881'; Using compiler version '192528614'; Build Type 'Release'
OS: 'Windows 10 Pro; OS build 19042.1288; Version 2009; 64bit' Language: 'es' Physical Memory: 16332 MB
BatchMode: 1, IsHumanControllingUs: 0, StartBugReporterOnCrash: 0, Is64bit: 1, IsPro: 0

 COMMAND LINE ARGUMENTS:
C:\Program Files\Unity\Hub\Editor\2020.3.8f1\Editor\Unity.exe
-adb2
-batchMode
-noUpm
-name
AssetImportWorker0
-projectPath
E:/Documentos/Tareas/3 Semestre/ProyectoSmeestral/Unity/WalkingSimulator
-logFile
Logs/AssetImportWorker0.log
-srvPort
55148
Successfully changed project path to: E:/Documentos/Tareas/3 Semestre/ProyectoSmeestral/Unity/WalkingSimulator
E:/Documentos/Tareas/3 Semestre/ProyectoSmeestral/Unity/WalkingSimulator
Using Asset Import Pipeline V2.
Refreshing native plugins compatible for Editor in 73.85 ms, found 0 plugins.
Preloading 0 native plugins for Editor in 0.00 ms.
Initialize engine version: 2020.3.8f1 (507919d4fff5)
[Subsystems] Discovering subsystems at path C:/Program Files/Unity/Hub/Editor/2020.3.8f1/Editor/Data/Resources/UnitySubsystems
[Subsystems] Discovering subsystems at path E:/Documentos/Tareas/3 Semestre/ProyectoSmeestral/Unity/WalkingSimulator/Assets
GfxDevice: creating device client; threaded=0
Direct3D:
    Version:  Direct3D 11.0 [level 11.1]
    Renderer: Radeon RX 580 Series (ID=0x67df)
    Vendor:   
    VRAM:     8171 MB
    Driver:   30.0.13025.1000
Initialize mono
Mono path[0] = 'C:/Program Files/Unity/Hub/Editor/2020.3.8f1/Editor/Data/Managed'
Mono path[1] = 'C:/Program Files/Unity/Hub/Editor/2020.3.8f1/Editor/Data/MonoBleedingEdge/lib/mono/unityjit'
Mono config path = 'C:/Program Files/Unity/Hub/Editor/2020.3.8f1/Editor/Data/MonoBleedingEdge/etc'
Using monoOptions --debugger-agent=transport=dt_socket,embedding=1,server=y,suspend=n,address=127.0.0.1:56848
Begin MonoManager ReloadAssembly
Registering precompiled unity dll's ...
Register platform support module: C:/Program Files/Unity/Hub/Editor/2020.3.8f1/Editor/Data/PlaybackEngines/WebGLSupport/UnityEditor.WebGL.Extensions.dll
Register platform support module: C:/Program Files/Unity/Hub/Editor/2020.3.8f1/Editor/Data/PlaybackEngines/WindowsStandaloneSupport/UnityEditor.WindowsStandalone.Extensions.dll
Registered in 0.003683 seconds.
Native extension for WindowsStandalone target not found
Native extension for WebGL target not found
Refreshing native plugins compatible for Editor in 71.01 ms, found 0 plugins.
Preloading 0 native plugins for Editor in 0.00 ms.
Mono: successfully reloaded assembly
- Completed reload, in  2.331 seconds
Platform modules already initialized, skipping
Registering precompiled user dll's ...
Registered in 0.001848 seconds.
Begin MonoManager ReloadAssembly
Native extension for WindowsStandalone target not found
Native extension for WebGL target not found
Refreshing native plugins compatible for Editor in 70.25 ms, found 0 plugins.
Preloading 0 native plugins for Editor in 0.00 ms.
Mono: successfully reloaded assembly
- Completed reload, in  1.435 seconds
Platform modules already initialized, skipping
========================================================================
Worker process is ready to serve import requests
Launched and connected shader compiler UnityShaderCompiler.exe after 0.06 seconds
Refreshing native plugins compatible for Editor in 0.70 ms, found 0 plugins.
Preloading 0 native plugins for Editor in 0.00 ms.
Unloading 1989 Unused Serialized files (Serialized files now loaded: 0)
System memory in use before: 167.3 MB.
System memory in use after: 167.4 MB.

Unloading 12 unused Assets to reduce memory usage. Loaded Objects now: 2446.
Total: 2.626300 ms (FindLiveObjects: 0.223300 ms CreateObjectMapping: 0.047000 ms MarkObjects: 1.976500 ms  DeleteObjects: 0.378200 ms)

========================================================================
Received Import Request.
  path: Assets/_Dino/Code/code_interactables/code_wallNotes/NoteTarget.cs
  artifactKey: Guid(667fac8aabd88ef45b013dc8bb25a98b) Importer(815301076,1909f56bfc062723c751e8b465ee728b)
Start importing Assets/_Dino/Code/code_interactables/code_wallNotes/NoteTarget.cs using Guid(667fac8aabd88ef45b013dc8bb25a98b) Importer(815301076,1909f56bfc062723c751e8b465ee728b)  -> (artifact id: 'e401ba7f434a9a22e3706b7b824b8243') in 0.033506 seconds
  Import took 0.036754 seconds .

========================================================================
Received Import Request.
  Time since last request: 199.592498 seconds.
  path: Assets/_Dino/Code/code_interactables/code_wallNotes/NoteTarget.cs
  artifactKey: Guid(667fac8aabd88ef45b013dc8bb25a98b) Importer(815301076,1909f56bfc062723c751e8b465ee728b)
Start importing Assets/_Dino/Code/code_interactables/code_wallNotes/NoteTarget.cs using Guid(667fac8aabd88ef45b013dc8bb25a98b) Importer(815301076,1909f56bfc062723c751e8b465ee728b)  -> (artifact id: '3869b4856a822ef1a46a1bbcfbfcff50') in 0.074266 seconds
  Import took 0.084906 seconds .

========================================================================
Received Import Request.
  Time since last request: 0.307797 seconds.
  path: Assets/_Dino/Code/code_interactables/code_wallNotes/NoteTarget.cs
  artifactKey: Guid(667fac8aabd88ef45b013dc8bb25a98b) Importer(815301076,1909f56bfc062723c751e8b465ee728b)
Start importing Assets/_Dino/Code/code_interactables/code_wallNotes/NoteTarget.cs using Guid(667fac8aabd88ef45b013dc8bb25a98b) Importer(815301076,1909f56bfc062723c751e8b465ee728b)  -> (artifact id: '3869b4856a822ef1a46a1bbcfbfcff50') in 0.016452 seconds
  Import took 0.023372 seconds .

========================================================================
Received Prepare
Registering precompiled user dll's ...
Registered in 0.001437 seconds.
Begin MonoManager ReloadAssembly
Native extension for WindowsStandalone target not found
Native extension for WebGL target not found
Refreshing native plugins compatible for Editor in 0.69 ms, found 0 plugins.
Preloading 0 native plugins for Editor in 0.00 ms.
Mono: successfully reloaded assembly
- Completed reload, in  1.619 seconds
Platform modules already initialized, skipping
Refreshing native plugins compatible for Editor in 0.59 ms, found 0 plugins.
Preloading 0 native plugins for Editor in 0.00 ms.
Unloading 1940 Unused Serialized files (Serialized files now loaded: 0)
System memory in use before: 163.1 MB.
System memory in use after: 163.2 MB.

Unloading 5 unused Assets to reduce memory usage. Loaded Objects now: 2449.
Total: 2.898400 ms (FindLiveObjects: 0.253100 ms CreateObjectMapping: 0.070700 ms MarkObjects: 2.257600 ms  DeleteObjects: 0.315500 ms)

========================================================================
Received Prepare
Registering precompiled user dll's ...
Registered in 0.001684 seconds.
Begin MonoManager ReloadAssembly
Native extension for WindowsStandalone target not found
Native extension for WebGL target not found
Refreshing native plugins compatible for Editor in 0.71 ms, found 0 plugins.
Preloading 0 native plugins for Editor in 0.00 ms.
Mono: successfully reloaded assembly
- Completed reload, in  1.360 seconds
Platform modules already initialized, skipping
Refreshing native plugins compatible for Editor in 0.66 ms, found 0 plugins.
Preloading 0 native plugins for Editor in 0.00 ms.
Unloading 1940 Unused Serialized files (Serialized files now loaded: 0)
System memory in use before: 163.2 MB.
System memory in use after: 163.2 MB.

Unloading 5 unused Assets to reduce memory usage. Loaded Objects now: 2452.
Total: 4.443200 ms (FindLiveObjects: 0.255900 ms CreateObjectMapping: 0.049400 ms MarkObjects: 3.668600 ms  DeleteObjects: 0.467400 ms)

========================================================================
Received Prepare
Registering precompiled user dll's ...
Registered in 0.003082 seconds.
Begin MonoManager ReloadAssembly
Native extension for WindowsStandalone target not found
Native extension for WebGL target not found
Refreshing native plugins compatible for Editor in 0.62 ms, found 0 plugins.
Preloading 0 native plugins for Editor in 0.00 ms.
Mono: successfully reloaded assembly
- Completed reload, in  1.269 seconds
Platform modules already initialized, skipping
Refreshing native plugins compatible for Editor in 0.60 ms, found 0 plugins.
Preloading 0 native plugins for Editor in 0.00 ms.
Unloading 1940 Unused Serialized files (Serialized files now loaded: 0)
System memory in use before: 163.2 MB.
System memory in use after: 163.2 MB.

Unloading 5 unused Assets to reduce memory usage. Loaded Objects now: 2455.
Total: 2.753300 ms (FindLiveObjects: 0.227000 ms CreateObjectMapping: 0.055700 ms MarkObjects: 2.085200 ms  DeleteObjects: 0.383600 ms)

========================================================================
Received Import Request.
  Time since last request: 505.810189 seconds.
  path: Assets/Packages/ARPG Effects/Demo/Models/Materials/01 - Default.mat
  artifactKey: Guid(68de56253b5f8c345a750f46495f9360) Importer(815301076,1909f56bfc062723c751e8b465ee728b)
Start importing Assets/Packages/ARPG Effects/Demo/Models/Materials/01 - Default.mat using Guid(68de56253b5f8c345a750f46495f9360) Importer(815301076,1909f56bfc062723c751e8b465ee728b)  -> (artifact id: '8530a7e5b698974e2975efa1e8004db5') in 0.411358 seconds
  Import took 0.415435 seconds .

========================================================================
Received Import Request.
  Time since last request: 0.000226 seconds.
  path: Assets/Packages/ARPG Effects/Demo/Models/Materials/02 - Default.mat
  artifactKey: Guid(cae639901d33c3c4a85916fea4f21a0b) Importer(815301076,1909f56bfc062723c751e8b465ee728b)
Start importing Assets/Packages/ARPG Effects/Demo/Models/Materials/02 - Default.mat using Guid(cae639901d33c3c4a85916fea4f21a0b) Importer(815301076,1909f56bfc062723c751e8b465ee728b)  -> (artifact id: 'c6bde2fe735b5bd6f1644c4de02e2ff8') in 0.039407 seconds
  Import took 0.042827 seconds .

========================================================================
Received Import Request.
  Time since last request: 0.000219 seconds.
  path: Assets/Packages/ARPG Effects/Materials/Icons/3d_icon_surface.mat
  artifactKey: Guid(be94b72155ecf6b49a0d421ca2d71f93) Importer(815301076,1909f56bfc062723c751e8b465ee728b)
Start importing Assets/Packages/ARPG Effects/Materials/Icons/3d_icon_surface.mat using Guid(be94b72155ecf6b49a0d421ca2d71f93) Importer(815301076,1909f56bfc062723c751e8b465ee728b)  -> (artifact id: '123010fd440286bb89d9526852014661') in 0.066524 seconds
  Import took 0.070247 seconds .

========================================================================
Received Prepare
Registering precompiled user dll's ...
Registered in 0.001452 seconds.
Begin MonoManager ReloadAssembly
Native extension for WindowsStandalone target not found
Native extension for WebGL target not found
Refreshing native plugins compatible for Editor in 0.60 ms, found 0 plugins.
Preloading 0 native plugins for Editor in 0.00 ms.
Mono: successfully reloaded assembly
- Completed reload, in  1.248 seconds
Platform modules already initialized, skipping
Refreshing native plugins compatible for Editor in 0.62 ms, found 0 plugins.
Preloading 0 native plugins for Editor in 0.00 ms.
Unloading 1940 Unused Serialized files (Serialized files now loaded: 0)
System memory in use before: 166.5 MB.
System memory in use after: 166.6 MB.

Unloading 5 unused Assets to reduce memory usage. Loaded Objects now: 2498.
Total: 2.613100 ms (FindLiveObjects: 0.222800 ms CreateObjectMapping: 0.046000 ms MarkObjects: 2.015900 ms  DeleteObjects: 0.327300 ms)

========================================================================
Received Prepare
Registering precompiled user dll's ...
Registered in 0.001587 seconds.
Begin MonoManager ReloadAssembly
Native extension for WindowsStandalone target not found
Native extension for WebGL target not found
Refreshing native plugins compatible for Editor in 0.62 ms, found 0 plugins.
Preloading 0 native plugins for Editor in 0.00 ms.
Mono: successfully reloaded assembly
- Completed reload, in  2.020 seconds
Platform modules already initialized, skipping
Refreshing native plugins compatible for Editor in 0.60 ms, found 0 plugins.
Preloading 0 native plugins for Editor in 0.00 ms.
Unloading 1940 Unused Serialized files (Serialized files now loaded: 0)
System memory in use before: 166.6 MB.
System memory in use after: 166.6 MB.

Unloading 5 unused Assets to reduce memory usage. Loaded Objects now: 2501.
Total: 2.494800 ms (FindLiveObjects: 0.238800 ms CreateObjectMapping: 0.046900 ms MarkObjects: 1.887500 ms  DeleteObjects: 0.320100 ms)

========================================================================
Received Prepare
Registering precompiled user dll's ...
Registered in 0.001187 seconds.
Begin MonoManager ReloadAssembly
Native extension for WindowsStandalone target not found
Native extension for WebGL target not found
Refreshing native plugins compatible for Editor in 1.10 ms, found 0 plugins.
Preloading 0 native plugins for Editor in 0.00 ms.
Mono: successfully reloaded assembly
- Completed reload, in  1.825 seconds
Platform modules already initialized, skipping
Refreshing native plugins compatible for Editor in 0.66 ms, found 0 plugins.
Preloading 0 native plugins for Editor in 0.00 ms.
Unloading 1940 Unused Serialized files (Serialized files now loaded: 0)
System memory in use before: 166.6 MB.
System memory in use after: 166.6 MB.

Unloading 5 unused Assets to reduce memory usage. Loaded Objects now: 2504.
Total: 4.082700 ms (FindLiveObjects: 0.240600 ms CreateObjectMapping: 0.057500 ms MarkObjects: 3.431000 ms  DeleteObjects: 0.351700 ms)

========================================================================
Received Prepare
Registering precompiled user dll's ...
Registered in 0.001376 seconds.
Begin MonoManager ReloadAssembly
Native extension for WindowsStandalone target not found
Native extension for WebGL target not found
Refreshing native plugins compatible for Editor in 0.68 ms, found 0 plugins.
Preloading 0 native plugins for Editor in 0.00 ms.
Mono: successfully reloaded assembly
- Completed reload, in  1.629 seconds
Platform modules already initialized, skipping
Refreshing native plugins compatible for Editor in 0.61 ms, found 0 plugins.
Preloading 0 native plugins for Editor in 0.00 ms.
Unloading 1940 Unused Serialized files (Serialized files now loaded: 0)
System memory in use before: 166.6 MB.
System memory in use after: 166.6 MB.

Unloading 5 unused Assets to reduce memory usage. Loaded Objects now: 2507.
Total: 2.880200 ms (FindLiveObjects: 0.233000 ms CreateObjectMapping: 0.047600 ms MarkObjects: 2.260600 ms  DeleteObjects: 0.337600 ms)

========================================================================
Received Prepare
Registering precompiled user dll's ...
Registered in 0.001137 seconds.
Begin MonoManager ReloadAssembly
Native extension for WindowsStandalone target not found
Native extension for WebGL target not found
Refreshing native plugins compatible for Editor in 0.64 ms, found 0 plugins.
Preloading 0 native plugins for Editor in 0.00 ms.
Mono: successfully reloaded assembly
- Completed reload, in  1.183 seconds
Platform modules already initialized, skipping
Refreshing native plugins compatible for Editor in 0.60 ms, found 0 plugins.
Preloading 0 native plugins for Editor in 0.00 ms.
Unloading 1940 Unused Serialized files (Serialized files now loaded: 0)
System memory in use before: 166.6 MB.
System memory in use after: 166.7 MB.

Unloading 5 unused Assets to reduce memory usage. Loaded Objects now: 2510.
Total: 2.725500 ms (FindLiveObjects: 0.237700 ms CreateObjectMapping: 0.050100 ms MarkObjects: 2.059400 ms  DeleteObjects: 0.376800 ms)

========================================================================
Received Prepare
Registering precompiled user dll's ...
Registered in 0.001638 seconds.
Begin MonoManager ReloadAssembly
Native extension for WindowsStandalone target not found
Native extension for WebGL target not found
Refreshing native plugins compatible for Editor in 0.77 ms, found 0 plugins.
Preloading 0 native plugins for Editor in 0.00 ms.
Mono: successfully reloaded assembly
- Completed reload, in  1.451 seconds
Platform modules already initialized, skipping
Refreshing native plugins compatible for Editor in 0.62 ms, found 0 plugins.
Preloading 0 native plugins for Editor in 0.00 ms.
Unloading 1940 Unused Serialized files (Serialized files now loaded: 0)
System memory in use before: 166.6 MB.
System memory in use after: 166.7 MB.

Unloading 5 unused Assets to reduce memory usage. Loaded Objects now: 2513.
Total: 2.994900 ms (FindLiveObjects: 0.269300 ms CreateObjectMapping: 0.064800 ms MarkObjects: 2.322800 ms  DeleteObjects: 0.336300 ms)

========================================================================
Received Prepare
Registering precompiled user dll's ...
Registered in 0.001407 seconds.
Begin MonoManager ReloadAssembly
Native extension for WindowsStandalone target not found
Native extension for WebGL target not found
Refreshing native plugins compatible for Editor in 0.69 ms, found 0 plugins.
Preloading 0 native plugins for Editor in 0.00 ms.
Mono: successfully reloaded assembly
- Completed reload, in  1.198 seconds
Platform modules already initialized, skipping
Refreshing native plugins compatible for Editor in 0.65 ms, found 0 plugins.
Preloading 0 native plugins for Editor in 0.00 ms.
Unloading 1940 Unused Serialized files (Serialized files now loaded: 0)
System memory in use before: 166.6 MB.
System memory in use after: 166.7 MB.

Unloading 5 unused Assets to reduce memory usage. Loaded Objects now: 2516.
Total: 3.319300 ms (FindLiveObjects: 0.262000 ms CreateObjectMapping: 0.062400 ms MarkObjects: 2.575500 ms  DeleteObjects: 0.417500 ms)

AssetImportWorkerClient::OnTransportError - code=2 error=End of file
